<?xml version="1.0" encoding="UTF-8"?>
<testng-results skipped="0" failed="0" total="23" passed="23">
  <reporter-output>
  </reporter-output>
  <suite name="Command line suite" duration-ms="3844" started-at="2018-05-30T09:00:28Z" finished-at="2018-05-30T09:00:32Z">
    <groups>
    </groups>
    <test name="Command line test" duration-ms="3844" started-at="2018-05-30T09:00:28Z" finished-at="2018-05-30T09:00:32Z">
      <class name="com.websystique.springmvc.controller.AppControllerTest">
        <test-method status="PASS" signature="setUp()[pri:0, instance:com.websystique.springmvc.controller.AppControllerTest@5a8806ef]" name="setUp" is-config="true" duration-ms="391" started-at="2018-05-30T14:30:28Z" finished-at="2018-05-30T14:30:28Z">
          <reporter-output>
          </reporter-output>
        </test-method> <!-- setUp -->
        <test-method status="PASS" signature="deleteEmployee()[pri:0, instance:com.websystique.springmvc.controller.AppControllerTest@5a8806ef]" name="deleteEmployee" duration-ms="33" started-at="2018-05-30T14:30:28Z" finished-at="2018-05-30T14:30:28Z">
          <reporter-output>
          </reporter-output>
        </test-method> <!-- deleteEmployee -->
        <test-method status="PASS" signature="editEmployee()[pri:0, instance:com.websystique.springmvc.controller.AppControllerTest@5a8806ef]" name="editEmployee" duration-ms="31" started-at="2018-05-30T14:30:28Z" finished-at="2018-05-30T14:30:28Z">
          <reporter-output>
          </reporter-output>
        </test-method> <!-- editEmployee -->
        <test-method status="PASS" signature="newEmployee()[pri:0, instance:com.websystique.springmvc.controller.AppControllerTest@5a8806ef]" name="newEmployee" duration-ms="0" started-at="2018-05-30T14:30:28Z" finished-at="2018-05-30T14:30:28Z">
          <reporter-output>
          </reporter-output>
        </test-method> <!-- newEmployee -->
        <test-method status="PASS" signature="saveEmployeeWithValidationErrorNonUniqueSSN()[pri:0, instance:com.websystique.springmvc.controller.AppControllerTest@5a8806ef]" name="saveEmployeeWithValidationErrorNonUniqueSSN" duration-ms="15" started-at="2018-05-30T14:30:28Z" finished-at="2018-05-30T14:30:28Z">
          <reporter-output>
          </reporter-output>
        </test-method> <!-- saveEmployeeWithValidationErrorNonUniqueSSN -->
        <test-method status="PASS" signature="listEmployees()[pri:0, instance:com.websystique.springmvc.controller.AppControllerTest@5a8806ef]" name="listEmployees" duration-ms="0" started-at="2018-05-30T14:30:28Z" finished-at="2018-05-30T14:30:28Z">
          <reporter-output>
          </reporter-output>
        </test-method> <!-- listEmployees -->
        <test-method status="PASS" signature="saveEmployeeWithSuccess()[pri:0, instance:com.websystique.springmvc.controller.AppControllerTest@5a8806ef]" name="saveEmployeeWithSuccess" duration-ms="0" started-at="2018-05-30T14:30:28Z" finished-at="2018-05-30T14:30:28Z">
          <reporter-output>
          </reporter-output>
        </test-method> <!-- saveEmployeeWithSuccess -->
        <test-method status="PASS" signature="saveEmployeeWithValidationError()[pri:0, instance:com.websystique.springmvc.controller.AppControllerTest@5a8806ef]" name="saveEmployeeWithValidationError" duration-ms="0" started-at="2018-05-30T14:30:28Z" finished-at="2018-05-30T14:30:28Z">
          <reporter-output>
          </reporter-output>
        </test-method> <!-- saveEmployeeWithValidationError -->
        <test-method status="PASS" signature="updateEmployeeWithValidationErrorNonUniqueSSN()[pri:0, instance:com.websystique.springmvc.controller.AppControllerTest@5a8806ef]" name="updateEmployeeWithValidationErrorNonUniqueSSN" duration-ms="0" started-at="2018-05-30T14:30:28Z" finished-at="2018-05-30T14:30:28Z">
          <reporter-output>
          </reporter-output>
        </test-method> <!-- updateEmployeeWithValidationErrorNonUniqueSSN -->
        <test-method status="PASS" signature="updateEmployeeWithValidationError()[pri:0, instance:com.websystique.springmvc.controller.AppControllerTest@5a8806ef]" name="updateEmployeeWithValidationError" duration-ms="0" started-at="2018-05-30T14:30:28Z" finished-at="2018-05-30T14:30:28Z">
          <reporter-output>
          </reporter-output>
        </test-method> <!-- updateEmployeeWithValidationError -->
        <test-method status="PASS" signature="updateEmployeeWithSuccess()[pri:0, instance:com.websystique.springmvc.controller.AppControllerTest@5a8806ef]" name="updateEmployeeWithSuccess" duration-ms="0" started-at="2018-05-30T14:30:28Z" finished-at="2018-05-30T14:30:28Z">
          <reporter-output>
          </reporter-output>
        </test-method> <!-- updateEmployeeWithSuccess -->
      </class> <!-- com.websystique.springmvc.controller.AppControllerTest -->
      <class name="com.websystique.springmvc.service.EmployeeServiceImplTest">
        <test-method status="PASS" signature="deleteEmployeeBySsn()[pri:0, instance:com.websystique.springmvc.service.EmployeeServiceImplTest@9660f4e]" name="deleteEmployeeBySsn" duration-ms="0" started-at="2018-05-30T14:30:32Z" finished-at="2018-05-30T14:30:32Z">
          <reporter-output>
          </reporter-output>
        </test-method> <!-- deleteEmployeeBySsn -->
        <test-method status="PASS" signature="findById()[pri:0, instance:com.websystique.springmvc.service.EmployeeServiceImplTest@9660f4e]" name="findById" duration-ms="0" started-at="2018-05-30T14:30:32Z" finished-at="2018-05-30T14:30:32Z">
          <reporter-output>
          </reporter-output>
        </test-method> <!-- findById -->
        <test-method status="PASS" signature="findEmployeeBySsn()[pri:0, instance:com.websystique.springmvc.service.EmployeeServiceImplTest@9660f4e]" name="findEmployeeBySsn" duration-ms="0" started-at="2018-05-30T14:30:32Z" finished-at="2018-05-30T14:30:32Z">
          <reporter-output>
          </reporter-output>
        </test-method> <!-- findEmployeeBySsn -->
        <test-method status="PASS" signature="saveEmployee()[pri:0, instance:com.websystique.springmvc.service.EmployeeServiceImplTest@9660f4e]" name="saveEmployee" duration-ms="0" started-at="2018-05-30T14:30:32Z" finished-at="2018-05-30T14:30:32Z">
          <reporter-output>
          </reporter-output>
        </test-method> <!-- saveEmployee -->
        <test-method status="PASS" signature="updateEmployee()[pri:0, instance:com.websystique.springmvc.service.EmployeeServiceImplTest@9660f4e]" name="updateEmployee" duration-ms="0" started-at="2018-05-30T14:30:32Z" finished-at="2018-05-30T14:30:32Z">
          <reporter-output>
          </reporter-output>
        </test-method> <!-- updateEmployee -->
        <test-method status="PASS" signature="findAllEmployees()[pri:0, instance:com.websystique.springmvc.service.EmployeeServiceImplTest@9660f4e]" name="findAllEmployees" duration-ms="0" started-at="2018-05-30T14:30:32Z" finished-at="2018-05-30T14:30:32Z">
          <reporter-output>
          </reporter-output>
        </test-method> <!-- findAllEmployees -->
        <test-method status="PASS" signature="isEmployeeSsnUnique()[pri:0, instance:com.websystique.springmvc.service.EmployeeServiceImplTest@9660f4e]" name="isEmployeeSsnUnique" duration-ms="0" started-at="2018-05-30T14:30:32Z" finished-at="2018-05-30T14:30:32Z">
          <reporter-output>
          </reporter-output>
        </test-method> <!-- isEmployeeSsnUnique -->
        <test-method status="PASS" signature="setUp()[pri:0, instance:com.websystique.springmvc.service.EmployeeServiceImplTest@9660f4e]" name="setUp" is-config="true" duration-ms="0" started-at="2018-05-30T14:30:32Z" finished-at="2018-05-30T14:30:32Z">
          <reporter-output>
          </reporter-output>
        </test-method> <!-- setUp -->
      </class> <!-- com.websystique.springmvc.service.EmployeeServiceImplTest -->
      <class name="com.websystique.springmvc.dao.EmployeeDaoImplTest">
        <test-method status="PASS" signature="springTestContextBeforeTestClass()[pri:0, instance:com.websystique.springmvc.dao.EmployeeDaoImplTest@6321e813]" name="springTestContextBeforeTestClass" is-config="true" duration-ms="0" started-at="2018-05-30T14:30:28Z" finished-at="2018-05-30T14:30:28Z">
          <reporter-output>
          </reporter-output>
        </test-method> <!-- springTestContextBeforeTestClass -->
        <test-method status="PASS" signature="springTestContextPrepareTestInstance()[pri:0, instance:com.websystique.springmvc.dao.EmployeeDaoImplTest@6321e813]" name="springTestContextPrepareTestInstance" is-config="true" duration-ms="2593" started-at="2018-05-30T14:30:28Z" depends-on-methods="org.springframework.test.context.testng.AbstractTestNGSpringContextTests.springTestContextBeforeTestClass" finished-at="2018-05-30T14:30:31Z">
          <reporter-output>
          </reporter-output>
        </test-method> <!-- springTestContextPrepareTestInstance -->
        <test-method status="PASS" signature="springTestContextBeforeTestMethod(java.lang.reflect.Method)[pri:0, instance:com.websystique.springmvc.dao.EmployeeDaoImplTest@6321e813]" name="springTestContextBeforeTestMethod" is-config="true" duration-ms="156" started-at="2018-05-30T14:30:31Z" finished-at="2018-05-30T14:30:31Z">
          <params>
            <param index="0">
              <value>
                <![CDATA[public void com.websystique.springmvc.dao.EmployeeDaoImplTest.deleteEmployeeByInvalidSsn()]]>
              </value>
            </param>
          </params>
          <reporter-output>
          </reporter-output>
        </test-method> <!-- springTestContextBeforeTestMethod -->
        <test-method status="PASS" signature="setUp()[pri:0, instance:com.websystique.springmvc.dao.EmployeeDaoImplTest@6321e813]" name="setUp" is-config="true" duration-ms="250" started-at="2018-05-30T14:30:31Z" finished-at="2018-05-30T14:30:31Z">
          <reporter-output>
          </reporter-output>
        </test-method> <!-- setUp -->
        <test-method status="PASS" signature="deleteEmployeeByInvalidSsn()[pri:0, instance:com.websystique.springmvc.dao.EmployeeDaoImplTest@6321e813]" name="deleteEmployeeByInvalidSsn" duration-ms="62" started-at="2018-05-30T14:30:31Z" finished-at="2018-05-30T14:30:32Z">
          <reporter-output>
          </reporter-output>
        </test-method> <!-- deleteEmployeeByInvalidSsn -->
        <test-method status="PASS" signature="springTestContextAfterTestMethod(java.lang.reflect.Method)[pri:0, instance:com.websystique.springmvc.dao.EmployeeDaoImplTest@6321e813]" name="springTestContextAfterTestMethod" is-config="true" duration-ms="16" started-at="2018-05-30T14:30:32Z" finished-at="2018-05-30T14:30:32Z">
          <params>
            <param index="0">
              <value>
                <![CDATA[public void com.websystique.springmvc.dao.EmployeeDaoImplTest.deleteEmployeeByInvalidSsn()]]>
              </value>
            </param>
          </params>
          <reporter-output>
          </reporter-output>
        </test-method> <!-- springTestContextAfterTestMethod -->
        <test-method status="PASS" signature="springTestContextBeforeTestMethod(java.lang.reflect.Method)[pri:0, instance:com.websystique.springmvc.dao.EmployeeDaoImplTest@6321e813]" name="springTestContextBeforeTestMethod" is-config="true" duration-ms="0" started-at="2018-05-30T14:30:32Z" finished-at="2018-05-30T14:30:32Z">
          <params>
            <param index="0">
              <value>
                <![CDATA[public void com.websystique.springmvc.dao.EmployeeDaoImplTest.deleteEmployeeBySsn()]]>
              </value>
            </param>
          </params>
          <reporter-output>
          </reporter-output>
        </test-method> <!-- springTestContextBeforeTestMethod -->
        <test-method status="PASS" signature="setUp()[pri:0, instance:com.websystique.springmvc.dao.EmployeeDaoImplTest@6321e813]" name="setUp" is-config="true" duration-ms="31" started-at="2018-05-30T14:30:32Z" finished-at="2018-05-30T14:30:32Z">
          <reporter-output>
          </reporter-output>
        </test-method> <!-- setUp -->
        <test-method status="PASS" signature="springTestContextAfterTestMethod(java.lang.reflect.Method)[pri:0, instance:com.websystique.springmvc.dao.EmployeeDaoImplTest@6321e813]" name="springTestContextAfterTestMethod" is-config="true" duration-ms="16" started-at="2018-05-30T14:30:32Z" finished-at="2018-05-30T14:30:32Z">
          <params>
            <param index="0">
              <value>
                <![CDATA[public void com.websystique.springmvc.dao.EmployeeDaoImplTest.deleteEmployeeBySsn()]]>
              </value>
            </param>
          </params>
          <reporter-output>
          </reporter-output>
        </test-method> <!-- springTestContextAfterTestMethod -->
        <test-method status="PASS" signature="deleteEmployeeBySsn()[pri:0, instance:com.websystique.springmvc.dao.EmployeeDaoImplTest@6321e813]" name="deleteEmployeeBySsn" duration-ms="0" started-at="2018-05-30T14:30:32Z" finished-at="2018-05-30T14:30:32Z">
          <reporter-output>
          </reporter-output>
        </test-method> <!-- deleteEmployeeBySsn -->
        <test-method status="PASS" signature="springTestContextBeforeTestMethod(java.lang.reflect.Method)[pri:0, instance:com.websystique.springmvc.dao.EmployeeDaoImplTest@6321e813]" name="springTestContextBeforeTestMethod" is-config="true" duration-ms="0" started-at="2018-05-30T14:30:32Z" finished-at="2018-05-30T14:30:32Z">
          <params>
            <param index="0">
              <value>
                <![CDATA[public void com.websystique.springmvc.dao.EmployeeDaoImplTest.findAllEmployees()]]>
              </value>
            </param>
          </params>
          <reporter-output>
          </reporter-output>
        </test-method> <!-- springTestContextBeforeTestMethod -->
        <test-method status="PASS" signature="setUp()[pri:0, instance:com.websystique.springmvc.dao.EmployeeDaoImplTest@6321e813]" name="setUp" is-config="true" duration-ms="31" started-at="2018-05-30T14:30:32Z" finished-at="2018-05-30T14:30:32Z">
          <reporter-output>
          </reporter-output>
        </test-method> <!-- setUp -->
        <test-method status="PASS" signature="findAllEmployees()[pri:0, instance:com.websystique.springmvc.dao.EmployeeDaoImplTest@6321e813]" name="findAllEmployees" duration-ms="0" started-at="2018-05-30T14:30:32Z" finished-at="2018-05-30T14:30:32Z">
          <reporter-output>
          </reporter-output>
        </test-method> <!-- findAllEmployees -->
        <test-method status="PASS" signature="springTestContextAfterTestMethod(java.lang.reflect.Method)[pri:0, instance:com.websystique.springmvc.dao.EmployeeDaoImplTest@6321e813]" name="springTestContextAfterTestMethod" is-config="true" duration-ms="0" started-at="2018-05-30T14:30:32Z" finished-at="2018-05-30T14:30:32Z">
          <params>
            <param index="0">
              <value>
                <![CDATA[public void com.websystique.springmvc.dao.EmployeeDaoImplTest.findAllEmployees()]]>
              </value>
            </param>
          </params>
          <reporter-output>
          </reporter-output>
        </test-method> <!-- springTestContextAfterTestMethod -->
        <test-method status="PASS" signature="springTestContextBeforeTestMethod(java.lang.reflect.Method)[pri:0, instance:com.websystique.springmvc.dao.EmployeeDaoImplTest@6321e813]" name="springTestContextBeforeTestMethod" is-config="true" duration-ms="16" started-at="2018-05-30T14:30:32Z" finished-at="2018-05-30T14:30:32Z">
          <params>
            <param index="0">
              <value>
                <![CDATA[public void com.websystique.springmvc.dao.EmployeeDaoImplTest.findById()]]>
              </value>
            </param>
          </params>
          <reporter-output>
          </reporter-output>
        </test-method> <!-- springTestContextBeforeTestMethod -->
        <test-method status="PASS" signature="setUp()[pri:0, instance:com.websystique.springmvc.dao.EmployeeDaoImplTest@6321e813]" name="setUp" is-config="true" duration-ms="31" started-at="2018-05-30T14:30:32Z" finished-at="2018-05-30T14:30:32Z">
          <reporter-output>
          </reporter-output>
        </test-method> <!-- setUp -->
        <test-method status="PASS" signature="findById()[pri:0, instance:com.websystique.springmvc.dao.EmployeeDaoImplTest@6321e813]" name="findById" duration-ms="0" started-at="2018-05-30T14:30:32Z" finished-at="2018-05-30T14:30:32Z">
          <reporter-output>
          </reporter-output>
        </test-method> <!-- findById -->
        <test-method status="PASS" signature="springTestContextAfterTestMethod(java.lang.reflect.Method)[pri:0, instance:com.websystique.springmvc.dao.EmployeeDaoImplTest@6321e813]" name="springTestContextAfterTestMethod" is-config="true" duration-ms="15" started-at="2018-05-30T14:30:32Z" finished-at="2018-05-30T14:30:32Z">
          <params>
            <param index="0">
              <value>
                <![CDATA[public void com.websystique.springmvc.dao.EmployeeDaoImplTest.findById()]]>
              </value>
            </param>
          </params>
          <reporter-output>
          </reporter-output>
        </test-method> <!-- springTestContextAfterTestMethod -->
        <test-method status="PASS" signature="springTestContextBeforeTestMethod(java.lang.reflect.Method)[pri:0, instance:com.websystique.springmvc.dao.EmployeeDaoImplTest@6321e813]" name="springTestContextBeforeTestMethod" is-config="true" duration-ms="0" started-at="2018-05-30T14:30:32Z" finished-at="2018-05-30T14:30:32Z">
          <params>
            <param index="0">
              <value>
                <![CDATA[public void com.websystique.springmvc.dao.EmployeeDaoImplTest.findEmployeeBySsn()]]>
              </value>
            </param>
          </params>
          <reporter-output>
          </reporter-output>
        </test-method> <!-- springTestContextBeforeTestMethod -->
        <test-method status="PASS" signature="setUp()[pri:0, instance:com.websystique.springmvc.dao.EmployeeDaoImplTest@6321e813]" name="setUp" is-config="true" duration-ms="32" started-at="2018-05-30T14:30:32Z" finished-at="2018-05-30T14:30:32Z">
          <reporter-output>
          </reporter-output>
        </test-method> <!-- setUp -->
        <test-method status="PASS" signature="findEmployeeBySsn()[pri:0, instance:com.websystique.springmvc.dao.EmployeeDaoImplTest@6321e813]" name="findEmployeeBySsn" duration-ms="1" started-at="2018-05-30T14:30:32Z" finished-at="2018-05-30T14:30:32Z">
          <reporter-output>
          </reporter-output>
        </test-method> <!-- findEmployeeBySsn -->
        <test-method status="PASS" signature="springTestContextBeforeTestMethod(java.lang.reflect.Method)[pri:0, instance:com.websystique.springmvc.dao.EmployeeDaoImplTest@6321e813]" name="springTestContextBeforeTestMethod" is-config="true" duration-ms="31" started-at="2018-05-30T14:30:32Z" finished-at="2018-05-30T14:30:32Z">
          <params>
            <param index="0">
              <value>
                <![CDATA[public void com.websystique.springmvc.dao.EmployeeDaoImplTest.saveEmployee()]]>
              </value>
            </param>
          </params>
          <reporter-output>
          </reporter-output>
        </test-method> <!-- springTestContextBeforeTestMethod -->
        <test-method status="PASS" signature="springTestContextAfterTestMethod(java.lang.reflect.Method)[pri:0, instance:com.websystique.springmvc.dao.EmployeeDaoImplTest@6321e813]" name="springTestContextAfterTestMethod" is-config="true" duration-ms="0" started-at="2018-05-30T14:30:32Z" finished-at="2018-05-30T14:30:32Z">
          <params>
            <param index="0">
              <value>
                <![CDATA[public void com.websystique.springmvc.dao.EmployeeDaoImplTest.findEmployeeBySsn()]]>
              </value>
            </param>
          </params>
          <reporter-output>
          </reporter-output>
        </test-method> <!-- springTestContextAfterTestMethod -->
        <test-method status="PASS" signature="setUp()[pri:0, instance:com.websystique.springmvc.dao.EmployeeDaoImplTest@6321e813]" name="setUp" is-config="true" duration-ms="31" started-at="2018-05-30T14:30:32Z" finished-at="2018-05-30T14:30:32Z">
          <reporter-output>
          </reporter-output>
        </test-method> <!-- setUp -->
        <test-method status="PASS" signature="saveEmployee()[pri:0, instance:com.websystique.springmvc.dao.EmployeeDaoImplTest@6321e813]" name="saveEmployee" duration-ms="47" started-at="2018-05-30T14:30:32Z" finished-at="2018-05-30T14:30:32Z">
          <reporter-output>
          </reporter-output>
        </test-method> <!-- saveEmployee -->
        <test-method status="PASS" signature="springTestContextAfterTestClass()[pri:0, instance:com.websystique.springmvc.dao.EmployeeDaoImplTest@6321e813]" name="springTestContextAfterTestClass" is-config="true" duration-ms="0" started-at="2018-05-30T14:30:32Z" finished-at="2018-05-30T14:30:32Z">
          <reporter-output>
          </reporter-output>
        </test-method> <!-- springTestContextAfterTestClass -->
        <test-method status="PASS" signature="springTestContextAfterTestMethod(java.lang.reflect.Method)[pri:0, instance:com.websystique.springmvc.dao.EmployeeDaoImplTest@6321e813]" name="springTestContextAfterTestMethod" is-config="true" duration-ms="0" started-at="2018-05-30T14:30:32Z" finished-at="2018-05-30T14:30:32Z">
          <params>
            <param index="0">
              <value>
                <![CDATA[public void com.websystique.springmvc.dao.EmployeeDaoImplTest.saveEmployee()]]>
              </value>
            </param>
          </params>
          <reporter-output>
          </reporter-output>
        </test-method> <!-- springTestContextAfterTestMethod -->
      </class> <!-- com.websystique.springmvc.dao.EmployeeDaoImplTest -->
    </test> <!-- Command line test -->
  </suite> <!-- Command line suite -->
</testng-results>
